<?xml version="1.0" encoding="UTF-8"?>
<!-- Generated by org.testng.reporters.JUnitReportReporter -->
<testsuite skipped="0" hostname="BLR2DEVLP0630" name="Test1.day1" tests="2" failures="0" timestamp="05 Jan 2022 07:20:44 GMT" time="0.008" errors="0">
  <testcase name="Demo" time="0.006" classname="Test1.day1"/>
  <testcase name="Demo5" time="0.002" classname="Test1.day1"/>
</testsuite> <!-- Test1.day1 -->
