<?xml version="1.0" encoding="UTF-8"?>
<!-- Generated by org.testng.reporters.JUnitReportReporter -->
<testsuite skipped="0" hostname="BLR2DEVLP0630" name="Test1.carloan" tests="4" failures="0" timestamp="05 Jan 2022 07:20:44 GMT" time="0.058" errors="0">
  <testcase name="WebLoginCarloan" time="0.019" classname="Test1.carloan"/>
  <testcase name="APILoginCarloan" time="0.034" classname="Test1.carloan"/>
  <testcase name="APILoginCarloan" time="0.001" classname="Test1.carloan"/>
  <testcase name="APILoginCarloan" time="0.004" classname="Test1.carloan"/>
</testsuite> <!-- Test1.carloan -->
