<?xml version="1.0" encoding="UTF-8"?>
<!-- Generated by org.testng.reporters.JUnitReportReporter -->
<testsuite skipped="0" hostname="BLR2DEVLP0630" name="Test1.Homeloan" tests="1" failures="0" timestamp="05 Jan 2022 07:20:44 GMT" time="0.012" errors="0">
  <testcase name="APIloginhomeloan" time="0.012" classname="Test1.Homeloan"/>
</testsuite> <!-- Test1.Homeloan -->
