<?xml version="1.0" encoding="UTF-8"?>
<!-- Generated by org.testng.reporters.JUnitReportReporter -->
<testsuite skipped="0" hostname="BLR2DEVLP0630" name="Test1.DependonMethod" tests="3" failures="0" timestamp="03 Jan 2022 10:53:16 GMT" time="0.016" errors="0">
  <testcase name="MyTransactionScreen" time="0.002" classname="Test1.DependonMethod"/>
  <testcase name="Login" time="0.012" classname="Test1.DependonMethod"/>
  <testcase name="HomePage" time="0.002" classname="Test1.DependonMethod"/>
</testsuite> <!-- Test1.DependonMethod -->
