<?xml version="1.0" encoding="UTF-8"?>
<!-- Generated by org.testng.reporters.JUnitReportReporter -->
<testsuite skipped="0" hostname="BLR2DEVLP0630" name="Test1.ToSkipTestcase" tests="2" failures="0" timestamp="03 Jan 2022 10:55:33 GMT" time="0.015" errors="0">
  <testcase name="second" time="0.003" classname="Test1.ToSkipTestcase"/>
  <testcase name="first" time="0.012" classname="Test1.ToSkipTestcase"/>
</testsuite> <!-- Test1.ToSkipTestcase -->
